C:\USERS\ELENA\DROPBOX\RAPUNZEL\SOLUTION\DEBUG\BMPLOADER.OBJ
C:\USERS\ELENA\DROPBOX\RAPUNZEL\SOLUTION\DEBUG\CAMERA.OBJ
C:\USERS\ELENA\DROPBOX\RAPUNZEL\SOLUTION\DEBUG\FLOOR.OBJ
C:\USERS\ELENA\DROPBOX\RAPUNZEL\SOLUTION\DEBUG\LIGHT.OBJ
C:\USERS\ELENA\DROPBOX\RAPUNZEL\SOLUTION\DEBUG\OBJECT3D.OBJ
C:\USERS\ELENA\DROPBOX\RAPUNZEL\SOLUTION\DEBUG\OFFLOADER.OBJ
C:\USERS\ELENA\DROPBOX\RAPUNZEL\SOLUTION\DEBUG\MAIN.OBJ
C:\USERS\ELENA\DROPBOX\RAPUNZEL\SOLUTION\DEBUG\HAIR.OBJ
C:\USERS\ELENA\DROPBOX\RAPUNZEL\SOLUTION\DEBUG\MANNEQUIN.OBJ
C:\USERS\ELENA\DROPBOX\RAPUNZEL\SOLUTION\DEBUG\VC110.PDB
C:\USERS\ELENA\DROPBOX\RAPUNZEL\SOLUTION\DEBUG\RAPUNZEL.ILK
C:\USERS\ELENA\DROPBOX\RAPUNZEL\SOLUTION\DEBUG\RAPUNZEL.EXE
C:\USERS\ELENA\DROPBOX\RAPUNZEL\SOLUTION\DEBUG\RAPUNZEL.PDB
C:\Users\Elena\Dropbox\rapunzel\Solution\Debug\kernel.cu.cache
C:\Users\Elena\Dropbox\rapunzel\Solution\Debug\bmpLoader.obj
C:\Users\Elena\Dropbox\rapunzel\Solution\Debug\Camera.obj
C:\Users\Elena\Dropbox\rapunzel\Solution\Debug\Floor.obj
C:\Users\Elena\Dropbox\rapunzel\Solution\Debug\Hair.obj
C:\Users\Elena\Dropbox\rapunzel\Solution\Debug\kernel.cu.obj
C:\Users\Elena\Dropbox\rapunzel\Solution\Debug\Light.obj
C:\Users\Elena\Dropbox\rapunzel\Solution\Debug\main.obj
C:\Users\Elena\Dropbox\rapunzel\Solution\Debug\Mannequin.obj
C:\Users\Elena\Dropbox\rapunzel\Solution\Debug\Object3D.obj
C:\Users\Elena\Dropbox\rapunzel\Solution\Debug\offLoader.obj
C:\Users\Elena\Dropbox\rapunzel\Solution\Debug\Rapunzel.ilk
C:\Users\Elena\Dropbox\rapunzel\Solution\Debug\cl.command.1.tlog
C:\Users\Elena\Dropbox\rapunzel\Solution\Debug\CL.read.1.tlog
C:\Users\Elena\Dropbox\rapunzel\Solution\Debug\CL.write.1.tlog
C:\Users\Elena\Dropbox\rapunzel\Solution\Debug\link-cvtres.read.1.tlog
C:\Users\Elena\Dropbox\rapunzel\Solution\Debug\link-cvtres.write.1.tlog
C:\Users\Elena\Dropbox\rapunzel\Solution\Debug\link-rc.read.1.tlog
C:\Users\Elena\Dropbox\rapunzel\Solution\Debug\link-rc.write.1.tlog
C:\Users\Elena\Dropbox\rapunzel\Solution\Debug\link.3580-cvtres.read.1.tlog
C:\Users\Elena\Dropbox\rapunzel\Solution\Debug\link.3580-cvtres.write.1.tlog
C:\Users\Elena\Dropbox\rapunzel\Solution\Debug\link.3580-rc.read.1.tlog
C:\Users\Elena\Dropbox\rapunzel\Solution\Debug\link.3580-rc.write.1.tlog
C:\Users\Elena\Dropbox\rapunzel\Solution\Debug\link.3580.read.1.tlog
C:\Users\Elena\Dropbox\rapunzel\Solution\Debug\link.3580.write.1.tlog
C:\Users\Elena\Dropbox\rapunzel\Solution\Debug\link.3884-cvtres.read.1.tlog
C:\Users\Elena\Dropbox\rapunzel\Solution\Debug\link.3884-cvtres.write.1.tlog
C:\Users\Elena\Dropbox\rapunzel\Solution\Debug\link.3884-rc.read.1.tlog
C:\Users\Elena\Dropbox\rapunzel\Solution\Debug\link.3884-rc.write.1.tlog
C:\Users\Elena\Dropbox\rapunzel\Solution\Debug\link.3884.read.1.tlog
C:\Users\Elena\Dropbox\rapunzel\Solution\Debug\link.3884.write.1.tlog
C:\Users\Elena\Dropbox\rapunzel\Solution\Debug\link.4420-cvtres.read.1.tlog
C:\Users\Elena\Dropbox\rapunzel\Solution\Debug\link.4420-cvtres.write.1.tlog
C:\Users\Elena\Dropbox\rapunzel\Solution\Debug\link.4420-rc.read.1.tlog
C:\Users\Elena\Dropbox\rapunzel\Solution\Debug\link.4420-rc.write.1.tlog
C:\Users\Elena\Dropbox\rapunzel\Solution\Debug\link.4420.read.1.tlog
C:\Users\Elena\Dropbox\rapunzel\Solution\Debug\link.4420.write.1.tlog
C:\Users\Elena\Dropbox\rapunzel\Solution\Debug\link.6136-cvtres.read.1.tlog
C:\Users\Elena\Dropbox\rapunzel\Solution\Debug\link.6136-cvtres.write.1.tlog
C:\Users\Elena\Dropbox\rapunzel\Solution\Debug\link.6136-rc.read.1.tlog
C:\Users\Elena\Dropbox\rapunzel\Solution\Debug\link.6136-rc.write.1.tlog
C:\Users\Elena\Dropbox\rapunzel\Solution\Debug\link.6136.read.1.tlog
C:\Users\Elena\Dropbox\rapunzel\Solution\Debug\link.6136.write.1.tlog
C:\Users\Elena\Dropbox\rapunzel\Solution\Debug\link.command.1.tlog
C:\Users\Elena\Dropbox\rapunzel\Solution\Debug\link.read.1.tlog
C:\Users\Elena\Dropbox\rapunzel\Solution\Debug\link.write.1.tlog
C:\Users\Elena\Dropbox\rapunzel\Solution\Debug\vc110.idb
C:\Users\Elena\Dropbox\rapunzel\Solution\Debug\Rapunzel.pdb
C:\Users\Elena\Dropbox\rapunzel\Solution\Debug\vc110.pdb
C:\Users\Elena\Dropbox\rapunzel\Solution\Debug\Rapunzel.exe
