Build started 11.07.2014 13:03:52.
     1>Project "C:\Users\Elena\Dropbox\rapunzel\Solution\Rapunzel.vcxproj" on node 2 (Build target(s)).
     1>AddCudaCompileDeps:
         C:\Program Files (x86)\Microsoft Visual Studio 11.0\VC\bin\cl.exe /E /nologo /showIncludes /TP /D__CUDACC__ /D_MBCS /IC:\Users\Elena\Dropbox\rapunzel\Solution /I$(MsBuildProjectDirectory /I$(MsBuildProjectDirectory)/Sources /I"C:\Program Files\NVIDIA GPU Computing Toolkit\CUDA\v6.0\include" /I"C:\Program Files\NVIDIA GPU Computing Toolkit\CUDA\v6.0\bin" /I"C:\Program Files\NVIDIA GPU Computing Toolkit\CUDA\v6.0\include" /I. /FIcuda_runtime.h /c C:\Users\Elena\Dropbox\rapunzel\Solution\Sources\kernel.cu 
       CudaBuild:
         Compiling CUDA source file Sources\kernel.cu...
         cmd.exe /C "C:\Users\Elena\AppData\Local\Temp\tmp90d96df0238c44b6ac3e237e2698e556.cmd"
         "C:\Program Files\NVIDIA GPU Computing Toolkit\CUDA\v6.0\bin\nvcc.exe" -gencode=arch=compute_20,code=\"sm_50,compute_20\" --use-local-env --cl-version 2012 -ccbin "C:\Program Files (x86)\Microsoft Visual Studio 11.0\VC\bin"  -IC:\Users\Elena\Dropbox\rapunzel\Solution -I"$(MsBuildProjectDirectory" -I"$(MsBuildProjectDirectory)/Sources" -I"C:\Program Files\NVIDIA GPU Computing Toolkit\CUDA\v6.0\include" -I"C:\Program Files\NVIDIA GPU Computing Toolkit\CUDA\v6.0\include"  -G   --keep-dir Debug -maxrregcount=0  --machine 32 --compile -cudart static  -g   -D_MBCS -Xcompiler "/EHsc /W3 /nologo /Od /Zi /RTC1 /MDd  " -o Debug\kernel.cu.obj "C:\Users\Elena\Dropbox\rapunzel\Solution\Sources\kernel.cu"
         
         C:\Users\Elena\Dropbox\rapunzel\Solution>"C:\Program Files\NVIDIA GPU Computing Toolkit\CUDA\v6.0\bin\nvcc.exe" -gencode=arch=compute_20,code=\"sm_50,compute_20\" --use-local-env --cl-version 2012 -ccbin "C:\Program Files (x86)\Microsoft Visual Studio 11.0\VC\bin"  -IC:\Users\Elena\Dropbox\rapunzel\Solution -I"$(MsBuildProjectDirectory" -I"$(MsBuildProjectDirectory)/Sources" -I"C:\Program Files\NVIDIA GPU Computing Toolkit\CUDA\v6.0\include" -I"C:\Program Files\NVIDIA GPU Computing Toolkit\CUDA\v6.0\include"  -G   --keep-dir Debug -maxrregcount=0  --machine 32 --compile -cudart static  -g   -D_MBCS -Xcompiler "/EHsc /W3 /nologo /Od /Zi /RTC1 /MDd  " -o Debug\kernel.cu.obj "C:\Users\Elena\Dropbox\rapunzel\Solution\Sources\kernel.cu" 
     1>C:/Users/Elena/Dropbox/rapunzel/Solution/Sources/kernel.cu(218): warning : a __device__ variable "dev_copy" cannot be directly read in a host function
     1>C:/Users/Elena/Dropbox/rapunzel/Solution/Sources/kernel.cu(230): warning : a __device__ variable "dev_copy" cannot be directly read in a host function
     1>C:/Users/Elena/Dropbox/rapunzel/Solution/Sources/kernel.cu(247): warning : a __device__ variable "dev_copy" cannot be directly read in a host function
         kernel.cu
       ClCompile:
         C:\Program Files (x86)\Microsoft Visual Studio 11.0\VC\bin\CL.exe /c /I"$(MsBuildProjectDirectory" /I"$(MsBuildProjectDirectory)/Sources" /I"C:\Program Files\NVIDIA GPU Computing Toolkit\CUDA\v6.0\include" /ZI /nologo /W3 /WX- /Od /Oy- /D _MBCS /Gm /EHsc /RTC1 /MDd /GS /fp:precise /Zc:wchar_t /Zc:forScope /Fo"Debug\\" /Fd"Debug\vc110.pdb" /Gd /TP /analyze- /errorReport:prompt Sources\bmpLoader.cpp Sources\Camera.cpp Sources\Floor.cpp Sources\Hair.cpp Sources\Light.cpp Sources\main.cpp Sources\Mannequin.cpp Sources\Object3D.cpp Sources\offLoader.cpp
         offLoader.cpp
         Object3D.cpp
         Mannequin.cpp
         main.cpp
         Light.cpp
         Hair.cpp
         Floor.cpp
         Camera.cpp
         bmpLoader.cpp
         Generating Code...
       Link:
         C:\Program Files (x86)\Microsoft Visual Studio 11.0\VC\bin\link.exe /ERRORREPORT:PROMPT /OUT:"C:\Users\Elena\Dropbox\rapunzel\Solution\Debug\Rapunzel.exe" /INCREMENTAL /NOLOGO /LIBPATH:"C:\Program Files\NVIDIA GPU Computing Toolkit\CUDA\v6.0\lib\Win32" cuda.lib freeglut.lib glew32.lib kernel32.lib user32.lib gdi32.lib winspool.lib comdlg32.lib advapi32.lib shell32.lib ole32.lib oleaut32.lib uuid.lib odbc32.lib odbccp32.lib cudart.lib kernel32.lib user32.lib gdi32.lib winspool.lib comdlg32.lib advapi32.lib shell32.lib ole32.lib oleaut32.lib uuid.lib odbc32.lib odbccp32.lib /MANIFEST /MANIFESTUAC:"level='asInvoker' uiAccess='false'" /manifest:embed /DEBUG /PDB:"C:\Users\Elena\Dropbox\rapunzel\Solution\Debug\Rapunzel.pdb" /STACK:"500000000" /TLBID:1 /DYNAMICBASE /NXCOMPAT /IMPLIB:"C:\Users\Elena\Dropbox\rapunzel\Solution\Debug\Rapunzel.lib" /MACHINE:X86 Debug\kernel.cu.obj
         Debug\bmpLoader.obj
         Debug\Camera.obj
         Debug\Floor.obj
         Debug\Hair.obj
         Debug\Light.obj
         Debug\main.obj
         Debug\Mannequin.obj
         Debug\Object3D.obj
         Debug\offLoader.obj
         Rapunzel.vcxproj -> C:\Users\Elena\Dropbox\rapunzel\Solution\Debug\Rapunzel.exe
     1>Done Building Project "C:\Users\Elena\Dropbox\rapunzel\Solution\Rapunzel.vcxproj" (Build target(s)).

Build succeeded.

Time Elapsed 00:00:46.18
